Start testing: May 30 18:43
----------------------------------------------------------
Unable to find executable: own_tests_NOT_BUILT
1/1 Testing: own_tests_NOT_BUILT
1/1 Test: own_tests_NOT_BUILT
Command: ""
Directory: D:/ChessSystem/gilad/ex1-public/build
"own_tests_NOT_BUILT" start time: 
Output:
----------------------------------------------------------
<end of output>
Test time =   0.00 sec
----------------------------------------------------------
Test Passed.
"own_tests_NOT_BUILT" end time: May 30 18:43
"own_tests_NOT_BUILT" time elapsed: 00:00:00
----------------------------------------------------------

End testing: May 30 18:43
